::1 - - [11/Sep/2021:17:44:22 +0000] "GET / HTTP/1.1" 200 3275 "-" "Mozilla/5.0 (Windows NT 10.0; Win64; x64) AppleWebKit/537.36 (KHTML, like Gecko) Chrome/93.0.4577.63 Safari/537.36"
::1 - - [11/Sep/2021:17:44:47 +0000] "GET /users/profile/613c973e914d8845300fad15 HTTP/1.1" 302 72 "http://localhost:8000/" "Mozilla/5.0 (Windows NT 10.0; Win64; x64) AppleWebKit/537.36 (KHTML, like Gecko) Chrome/93.0.4577.63 Safari/537.36"
::1 - - [11/Sep/2021:17:44:47 +0000] "GET /users/sign-in HTTP/1.1" 304 - "http://localhost:8000/" "Mozilla/5.0 (Windows NT 10.0; Win64; x64) AppleWebKit/537.36 (KHTML, like Gecko) Chrome/93.0.4577.63 Safari/537.36"
::1 - - [11/Sep/2021:17:45:28 +0000] "POST /users/create-session HTTP/1.1" 302 72 "http://localhost:8000/users/sign-in" "Mozilla/5.0 (Windows NT 10.0; Win64; x64) AppleWebKit/537.36 (KHTML, like Gecko) Chrome/93.0.4577.63 Safari/537.36"
::1 - - [11/Sep/2021:17:45:28 +0000] "GET /users/sign-in HTTP/1.1" 200 2496 "http://localhost:8000/users/sign-in" "Mozilla/5.0 (Windows NT 10.0; Win64; x64) AppleWebKit/537.36 (KHTML, like Gecko) Chrome/93.0.4577.63 Safari/537.36"
::1 - - [11/Sep/2021:17:47:34 +0000] "POST /users/create-session HTTP/1.1" 302 72 "http://localhost:8000/users/sign-in" "Mozilla/5.0 (Windows NT 10.0; Win64; x64) AppleWebKit/537.36 (KHTML, like Gecko) Chrome/93.0.4577.63 Safari/537.36"
::1 - - [11/Sep/2021:17:47:34 +0000] "GET /users/sign-in HTTP/1.1" 304 - "http://localhost:8000/users/sign-in" "Mozilla/5.0 (Windows NT 10.0; Win64; x64) AppleWebKit/537.36 (KHTML, like Gecko) Chrome/93.0.4577.63 Safari/537.36"
::1 - - [14/Sep/2021:14:57:29 +0000] "GET / HTTP/1.1" 304 - "-" "Mozilla/5.0 (Windows NT 10.0; Win64; x64) AppleWebKit/537.36 (KHTML, like Gecko) Chrome/93.0.4577.63 Safari/537.36"
::ffff:127.0.0.1 - - [14/Sep/2021:14:57:30 +0000] "GET /favicon.ico HTTP/1.1" 404 150 "http://localhost:8000/" "Mozilla/5.0 (Windows NT 10.0; Win64; x64) AppleWebKit/537.36 (KHTML, like Gecko) Chrome/93.0.4577.63 Safari/537.36"
::1 - - [14/Sep/2021:14:58:16 +0000] "GET /users/sign-in HTTP/1.1" 200 2195 "http://localhost:8000/" "Mozilla/5.0 (Windows NT 10.0; Win64; x64) AppleWebKit/537.36 (KHTML, like Gecko) Chrome/93.0.4577.63 Safari/537.36"
::1 - - [14/Sep/2021:18:12:06 +0000] "GET / HTTP/1.1" 200 3365 "-" "Mozilla/5.0 (Windows NT 10.0; Win64; x64) AppleWebKit/537.36 (KHTML, like Gecko) Chrome/93.0.4577.63 Safari/537.36"
::1 - - [14/Sep/2021:18:12:06 +0000] "GET /css/layout-43e5d0f990.css HTTP/1.1" 404 164 "http://localhost:8000/" "Mozilla/5.0 (Windows NT 10.0; Win64; x64) AppleWebKit/537.36 (KHTML, like Gecko) Chrome/93.0.4577.63 Safari/537.36"
::1 - - [14/Sep/2021:18:12:06 +0000] "GET /css/header-5624c7deef.css HTTP/1.1" 404 164 "http://localhost:8000/" "Mozilla/5.0 (Windows NT 10.0; Win64; x64) AppleWebKit/537.36 (KHTML, like Gecko) Chrome/93.0.4577.63 Safari/537.36"
::1 - - [14/Sep/2021:18:12:06 +0000] "GET /css/footer-80b8801692.css HTTP/1.1" 404 164 "http://localhost:8000/" "Mozilla/5.0 (Windows NT 10.0; Win64; x64) AppleWebKit/537.36 (KHTML, like Gecko) Chrome/93.0.4577.63 Safari/537.36"
::1 - - [14/Sep/2021:18:12:06 +0000] "GET /css/chat_box-3aa9f1fb21.css HTTP/1.1" 404 166 "http://localhost:8000/" "Mozilla/5.0 (Windows NT 10.0; Win64; x64) AppleWebKit/537.36 (KHTML, like Gecko) Chrome/93.0.4577.63 Safari/537.36"
::1 - - [14/Sep/2021:18:12:06 +0000] "GET /css/home-bacaa64d3a.css HTTP/1.1" 404 162 "http://localhost:8000/" "Mozilla/5.0 (Windows NT 10.0; Win64; x64) AppleWebKit/537.36 (KHTML, like Gecko) Chrome/93.0.4577.63 Safari/537.36"
::1 - - [14/Sep/2021:18:12:06 +0000] "GET /js/home_post_comments-17d4d4c772.js HTTP/1.1" 404 174 "http://localhost:8000/" "Mozilla/5.0 (Windows NT 10.0; Win64; x64) AppleWebKit/537.36 (KHTML, like Gecko) Chrome/93.0.4577.63 Safari/537.36"
::1 - - [14/Sep/2021:18:12:06 +0000] "GET /js/home_posts-1a633d8412.js HTTP/1.1" 404 166 "http://localhost:8000/" "Mozilla/5.0 (Windows NT 10.0; Win64; x64) AppleWebKit/537.36 (KHTML, like Gecko) Chrome/93.0.4577.63 Safari/537.36"
::1 - - [14/Sep/2021:18:12:06 +0000] "GET /js/chat_engine-e91b21ca06.js HTTP/1.1" 404 167 "http://localhost:8000/" "Mozilla/5.0 (Windows NT 10.0; Win64; x64) AppleWebKit/537.36 (KHTML, like Gecko) Chrome/93.0.4577.63 Safari/537.36"
::1 - - [14/Sep/2021:18:12:10 +0000] "GET /css/layout-43e5d0f990.css HTTP/1.1" 404 164 "http://localhost:8000/" "Mozilla/5.0 (Windows NT 10.0; Win64; x64) AppleWebKit/537.36 (KHTML, like Gecko) Chrome/93.0.4577.63 Safari/537.36"
::1 - - [14/Sep/2021:18:12:10 +0000] "GET /css/header-5624c7deef.css HTTP/1.1" 404 164 "http://localhost:8000/" "Mozilla/5.0 (Windows NT 10.0; Win64; x64) AppleWebKit/537.36 (KHTML, like Gecko) Chrome/93.0.4577.63 Safari/537.36"
::1 - - [14/Sep/2021:18:12:10 +0000] "GET /css/footer-80b8801692.css HTTP/1.1" 404 164 "http://localhost:8000/" "Mozilla/5.0 (Windows NT 10.0; Win64; x64) AppleWebKit/537.36 (KHTML, like Gecko) Chrome/93.0.4577.63 Safari/537.36"
::1 - - [14/Sep/2021:18:12:10 +0000] "GET /js/home_post_comments-17d4d4c772.js HTTP/1.1" 404 174 "http://localhost:8000/" "Mozilla/5.0 (Windows NT 10.0; Win64; x64) AppleWebKit/537.36 (KHTML, like Gecko) Chrome/93.0.4577.63 Safari/537.36"
::1 - - [14/Sep/2021:18:12:10 +0000] "GET /css/home-bacaa64d3a.css HTTP/1.1" 404 162 "http://localhost:8000/" "Mozilla/5.0 (Windows NT 10.0; Win64; x64) AppleWebKit/537.36 (KHTML, like Gecko) Chrome/93.0.4577.63 Safari/537.36"
::1 - - [14/Sep/2021:18:12:10 +0000] "GET /css/chat_box-3aa9f1fb21.css HTTP/1.1" 404 166 "http://localhost:8000/" "Mozilla/5.0 (Windows NT 10.0; Win64; x64) AppleWebKit/537.36 (KHTML, like Gecko) Chrome/93.0.4577.63 Safari/537.36"
::1 - - [14/Sep/2021:18:12:10 +0000] "GET /js/home_posts-1a633d8412.js HTTP/1.1" 404 166 "http://localhost:8000/" "Mozilla/5.0 (Windows NT 10.0; Win64; x64) AppleWebKit/537.36 (KHTML, like Gecko) Chrome/93.0.4577.63 Safari/537.36"
::1 - - [14/Sep/2021:18:12:10 +0000] "GET /js/chat_engine-e91b21ca06.js HTTP/1.1" 404 167 "http://localhost:8000/" "Mozilla/5.0 (Windows NT 10.0; Win64; x64) AppleWebKit/537.36 (KHTML, like Gecko) Chrome/93.0.4577.63 Safari/537.36"
::1 - - [14/Sep/2021:18:12:10 +0000] "GET /css/layout-43e5d0f990.css HTTP/1.1" 404 164 "http://localhost:8000/" "Mozilla/5.0 (Windows NT 10.0; Win64; x64) AppleWebKit/537.36 (KHTML, like Gecko) Chrome/93.0.4577.63 Safari/537.36"
::1 - - [14/Sep/2021:18:12:10 +0000] "GET /js/home_post_comments-17d4d4c772.js HTTP/1.1" 404 174 "http://localhost:8000/" "Mozilla/5.0 (Windows NT 10.0; Win64; x64) AppleWebKit/537.36 (KHTML, like Gecko) Chrome/93.0.4577.63 Safari/537.36"
::1 - - [14/Sep/2021:18:12:10 +0000] "GET /js/home_posts-1a633d8412.js HTTP/1.1" 404 166 "http://localhost:8000/" "Mozilla/5.0 (Windows NT 10.0; Win64; x64) AppleWebKit/537.36 (KHTML, like Gecko) Chrome/93.0.4577.63 Safari/537.36"
::1 - - [14/Sep/2021:18:12:10 +0000] "GET /js/chat_engine-e91b21ca06.js HTTP/1.1" 404 167 "http://localhost:8000/" "Mozilla/5.0 (Windows NT 10.0; Win64; x64) AppleWebKit/537.36 (KHTML, like Gecko) Chrome/93.0.4577.63 Safari/537.36"
::1 - - [14/Sep/2021:18:12:18 +0000] "GET / HTTP/1.1" 304 - "http://localhost:8000/" "Mozilla/5.0 (Windows NT 10.0; Win64; x64) AppleWebKit/537.36 (KHTML, like Gecko) Chrome/93.0.4577.63 Safari/537.36"
::1 - - [14/Sep/2021:18:12:18 +0000] "GET /css/layout-43e5d0f990.css HTTP/1.1" 404 164 "http://localhost:8000/" "Mozilla/5.0 (Windows NT 10.0; Win64; x64) AppleWebKit/537.36 (KHTML, like Gecko) Chrome/93.0.4577.63 Safari/537.36"
::1 - - [14/Sep/2021:18:12:18 +0000] "GET /css/header-5624c7deef.css HTTP/1.1" 404 164 "http://localhost:8000/" "Mozilla/5.0 (Windows NT 10.0; Win64; x64) AppleWebKit/537.36 (KHTML, like Gecko) Chrome/93.0.4577.63 Safari/537.36"
::1 - - [14/Sep/2021:18:12:18 +0000] "GET /css/footer-80b8801692.css HTTP/1.1" 404 164 "http://localhost:8000/" "Mozilla/5.0 (Windows NT 10.0; Win64; x64) AppleWebKit/537.36 (KHTML, like Gecko) Chrome/93.0.4577.63 Safari/537.36"
::1 - - [14/Sep/2021:18:12:18 +0000] "GET /css/home-bacaa64d3a.css HTTP/1.1" 404 162 "http://localhost:8000/" "Mozilla/5.0 (Windows NT 10.0; Win64; x64) AppleWebKit/537.36 (KHTML, like Gecko) Chrome/93.0.4577.63 Safari/537.36"
::1 - - [14/Sep/2021:18:12:18 +0000] "GET /css/chat_box-3aa9f1fb21.css HTTP/1.1" 404 166 "http://localhost:8000/" "Mozilla/5.0 (Windows NT 10.0; Win64; x64) AppleWebKit/537.36 (KHTML, like Gecko) Chrome/93.0.4577.63 Safari/537.36"
::1 - - [14/Sep/2021:18:12:18 +0000] "GET /js/home_posts-1a633d8412.js HTTP/1.1" 404 166 "http://localhost:8000/" "Mozilla/5.0 (Windows NT 10.0; Win64; x64) AppleWebKit/537.36 (KHTML, like Gecko) Chrome/93.0.4577.63 Safari/537.36"
::1 - - [14/Sep/2021:18:12:18 +0000] "GET /js/home_post_comments-17d4d4c772.js HTTP/1.1" 404 174 "http://localhost:8000/" "Mozilla/5.0 (Windows NT 10.0; Win64; x64) AppleWebKit/537.36 (KHTML, like Gecko) Chrome/93.0.4577.63 Safari/537.36"
::1 - - [14/Sep/2021:18:12:18 +0000] "GET /js/chat_engine-e91b21ca06.js HTTP/1.1" 404 167 "http://localhost:8000/" "Mozilla/5.0 (Windows NT 10.0; Win64; x64) AppleWebKit/537.36 (KHTML, like Gecko) Chrome/93.0.4577.63 Safari/537.36"
::1 - - [14/Sep/2021:18:12:18 +0000] "GET /js/home_posts-1a633d8412.js HTTP/1.1" 404 166 "http://localhost:8000/" "Mozilla/5.0 (Windows NT 10.0; Win64; x64) AppleWebKit/537.36 (KHTML, like Gecko) Chrome/93.0.4577.63 Safari/537.36"
::1 - - [14/Sep/2021:18:12:18 +0000] "GET /js/chat_engine-e91b21ca06.js HTTP/1.1" 404 167 "http://localhost:8000/" "Mozilla/5.0 (Windows NT 10.0; Win64; x64) AppleWebKit/537.36 (KHTML, like Gecko) Chrome/93.0.4577.63 Safari/537.36"
::1 - - [14/Sep/2021:18:12:20 +0000] "GET /users/profile HTTP/1.1" 404 152 "http://localhost:8000/" "Mozilla/5.0 (Windows NT 10.0; Win64; x64) AppleWebKit/537.36 (KHTML, like Gecko) Chrome/93.0.4577.63 Safari/537.36"
::1 - - [14/Sep/2021:18:12:22 +0000] "GET /css/header-5624c7deef.css HTTP/1.1" 404 164 "http://localhost:8000/" "Mozilla/5.0 (Windows NT 10.0; Win64; x64) AppleWebKit/537.36 (KHTML, like Gecko) Chrome/93.0.4577.63 Safari/537.36"
::1 - - [14/Sep/2021:18:12:22 +0000] "GET /css/footer-80b8801692.css HTTP/1.1" 404 164 "http://localhost:8000/" "Mozilla/5.0 (Windows NT 10.0; Win64; x64) AppleWebKit/537.36 (KHTML, like Gecko) Chrome/93.0.4577.63 Safari/537.36"
::1 - - [14/Sep/2021:18:12:22 +0000] "GET /css/home-bacaa64d3a.css HTTP/1.1" 404 162 "http://localhost:8000/" "Mozilla/5.0 (Windows NT 10.0; Win64; x64) AppleWebKit/537.36 (KHTML, like Gecko) Chrome/93.0.4577.63 Safari/537.36"
::1 - - [14/Sep/2021:18:12:22 +0000] "GET /css/chat_box-3aa9f1fb21.css HTTP/1.1" 404 166 "http://localhost:8000/" "Mozilla/5.0 (Windows NT 10.0; Win64; x64) AppleWebKit/537.36 (KHTML, like Gecko) Chrome/93.0.4577.63 Safari/537.36"
::1 - - [14/Sep/2021:18:12:22 +0000] "GET /js/home_post_comments-17d4d4c772.js HTTP/1.1" 404 174 "http://localhost:8000/" "Mozilla/5.0 (Windows NT 10.0; Win64; x64) AppleWebKit/537.36 (KHTML, like Gecko) Chrome/93.0.4577.63 Safari/537.36"
::1 - - [14/Sep/2021:18:12:22 +0000] "GET /js/home_posts-1a633d8412.js HTTP/1.1" 404 166 "http://localhost:8000/" "Mozilla/5.0 (Windows NT 10.0; Win64; x64) AppleWebKit/537.36 (KHTML, like Gecko) Chrome/93.0.4577.63 Safari/537.36"
::1 - - [14/Sep/2021:18:12:22 +0000] "GET /js/chat_engine-e91b21ca06.js HTTP/1.1" 404 167 "http://localhost:8000/" "Mozilla/5.0 (Windows NT 10.0; Win64; x64) AppleWebKit/537.36 (KHTML, like Gecko) Chrome/93.0.4577.63 Safari/537.36"
::1 - - [14/Sep/2021:18:12:25 +0000] "GET /users/sign-in HTTP/1.1" 200 2228 "http://localhost:8000/" "Mozilla/5.0 (Windows NT 10.0; Win64; x64) AppleWebKit/537.36 (KHTML, like Gecko) Chrome/93.0.4577.63 Safari/537.36"
::1 - - [14/Sep/2021:18:12:25 +0000] "GET /css/header-5624c7deef.css HTTP/1.1" 404 164 "http://localhost:8000/users/sign-in" "Mozilla/5.0 (Windows NT 10.0; Win64; x64) AppleWebKit/537.36 (KHTML, like Gecko) Chrome/93.0.4577.63 Safari/537.36"
::1 - - [14/Sep/2021:18:12:25 +0000] "GET /css/layout-43e5d0f990.css HTTP/1.1" 404 164 "http://localhost:8000/users/sign-in" "Mozilla/5.0 (Windows NT 10.0; Win64; x64) AppleWebKit/537.36 (KHTML, like Gecko) Chrome/93.0.4577.63 Safari/537.36"
::1 - - [14/Sep/2021:18:12:25 +0000] "GET /css/footer-80b8801692.css HTTP/1.1" 404 164 "http://localhost:8000/users/sign-in" "Mozilla/5.0 (Windows NT 10.0; Win64; x64) AppleWebKit/537.36 (KHTML, like Gecko) Chrome/93.0.4577.63 Safari/537.36"
::1 - - [14/Sep/2021:18:12:31 +0000] "POST /users/create-session HTTP/1.1" 302 72 "http://localhost:8000/users/sign-in" "Mozilla/5.0 (Windows NT 10.0; Win64; x64) AppleWebKit/537.36 (KHTML, like Gecko) Chrome/93.0.4577.63 Safari/537.36"
::1 - - [14/Sep/2021:18:12:31 +0000] "GET /users/sign-in HTTP/1.1" 200 2529 "http://localhost:8000/users/sign-in" "Mozilla/5.0 (Windows NT 10.0; Win64; x64) AppleWebKit/537.36 (KHTML, like Gecko) Chrome/93.0.4577.63 Safari/537.36"
::1 - - [14/Sep/2021:18:12:31 +0000] "GET /css/layout-43e5d0f990.css HTTP/1.1" 404 164 "http://localhost:8000/users/sign-in" "Mozilla/5.0 (Windows NT 10.0; Win64; x64) AppleWebKit/537.36 (KHTML, like Gecko) Chrome/93.0.4577.63 Safari/537.36"
::1 - - [14/Sep/2021:18:12:31 +0000] "GET /css/header-5624c7deef.css HTTP/1.1" 404 164 "http://localhost:8000/users/sign-in" "Mozilla/5.0 (Windows NT 10.0; Win64; x64) AppleWebKit/537.36 (KHTML, like Gecko) Chrome/93.0.4577.63 Safari/537.36"
::1 - - [14/Sep/2021:18:12:31 +0000] "GET /css/footer-80b8801692.css HTTP/1.1" 404 164 "http://localhost:8000/users/sign-in" "Mozilla/5.0 (Windows NT 10.0; Win64; x64) AppleWebKit/537.36 (KHTML, like Gecko) Chrome/93.0.4577.63 Safari/537.36"
::1 - - [14/Sep/2021:18:12:44 +0000] "POST /users/create-session HTTP/1.1" 302 72 "http://localhost:8000/users/sign-in" "Mozilla/5.0 (Windows NT 10.0; Win64; x64) AppleWebKit/537.36 (KHTML, like Gecko) Chrome/93.0.4577.63 Safari/537.36"
::1 - - [14/Sep/2021:18:12:44 +0000] "GET /users/sign-in HTTP/1.1" 304 - "http://localhost:8000/users/sign-in" "Mozilla/5.0 (Windows NT 10.0; Win64; x64) AppleWebKit/537.36 (KHTML, like Gecko) Chrome/93.0.4577.63 Safari/537.36"
::1 - - [14/Sep/2021:18:12:44 +0000] "GET /css/header-5624c7deef.css HTTP/1.1" 404 164 "http://localhost:8000/users/sign-in" "Mozilla/5.0 (Windows NT 10.0; Win64; x64) AppleWebKit/537.36 (KHTML, like Gecko) Chrome/93.0.4577.63 Safari/537.36"
::1 - - [14/Sep/2021:18:12:44 +0000] "GET /css/footer-80b8801692.css HTTP/1.1" 404 164 "http://localhost:8000/users/sign-in" "Mozilla/5.0 (Windows NT 10.0; Win64; x64) AppleWebKit/537.36 (KHTML, like Gecko) Chrome/93.0.4577.63 Safari/537.36"
::1 - - [14/Sep/2021:18:12:44 +0000] "GET /css/layout-43e5d0f990.css HTTP/1.1" 404 164 "http://localhost:8000/users/sign-in" "Mozilla/5.0 (Windows NT 10.0; Win64; x64) AppleWebKit/537.36 (KHTML, like Gecko) Chrome/93.0.4577.63 Safari/537.36"
::1 - - [14/Sep/2021:18:12:46 +0000] "GET /users/sign-up HTTP/1.1" 200 2368 "http://localhost:8000/users/sign-in" "Mozilla/5.0 (Windows NT 10.0; Win64; x64) AppleWebKit/537.36 (KHTML, like Gecko) Chrome/93.0.4577.63 Safari/537.36"
::1 - - [14/Sep/2021:18:12:46 +0000] "GET /css/layout-43e5d0f990.css HTTP/1.1" 404 164 "http://localhost:8000/users/sign-up" "Mozilla/5.0 (Windows NT 10.0; Win64; x64) AppleWebKit/537.36 (KHTML, like Gecko) Chrome/93.0.4577.63 Safari/537.36"
::1 - - [14/Sep/2021:18:12:46 +0000] "GET /css/header-5624c7deef.css HTTP/1.1" 404 164 "http://localhost:8000/users/sign-up" "Mozilla/5.0 (Windows NT 10.0; Win64; x64) AppleWebKit/537.36 (KHTML, like Gecko) Chrome/93.0.4577.63 Safari/537.36"
::1 - - [14/Sep/2021:18:12:46 +0000] "GET /css/footer-80b8801692.css HTTP/1.1" 404 164 "http://localhost:8000/users/sign-up" "Mozilla/5.0 (Windows NT 10.0; Win64; x64) AppleWebKit/537.36 (KHTML, like Gecko) Chrome/93.0.4577.63 Safari/537.36"
::1 - - [14/Sep/2021:18:13:07 +0000] "POST /users/create HTTP/1.1" 302 72 "http://localhost:8000/users/sign-up" "Mozilla/5.0 (Windows NT 10.0; Win64; x64) AppleWebKit/537.36 (KHTML, like Gecko) Chrome/93.0.4577.63 Safari/537.36"
::1 - - [14/Sep/2021:18:13:07 +0000] "GET /users/sign-in HTTP/1.1" 200 2228 "http://localhost:8000/users/sign-up" "Mozilla/5.0 (Windows NT 10.0; Win64; x64) AppleWebKit/537.36 (KHTML, like Gecko) Chrome/93.0.4577.63 Safari/537.36"
::1 - - [14/Sep/2021:18:13:07 +0000] "GET /css/layout-43e5d0f990.css HTTP/1.1" 404 164 "http://localhost:8000/users/sign-in" "Mozilla/5.0 (Windows NT 10.0; Win64; x64) AppleWebKit/537.36 (KHTML, like Gecko) Chrome/93.0.4577.63 Safari/537.36"
::1 - - [14/Sep/2021:18:13:07 +0000] "GET /css/header-5624c7deef.css HTTP/1.1" 404 164 "http://localhost:8000/users/sign-in" "Mozilla/5.0 (Windows NT 10.0; Win64; x64) AppleWebKit/537.36 (KHTML, like Gecko) Chrome/93.0.4577.63 Safari/537.36"
::1 - - [14/Sep/2021:18:13:07 +0000] "GET /css/footer-80b8801692.css HTTP/1.1" 404 164 "http://localhost:8000/users/sign-in" "Mozilla/5.0 (Windows NT 10.0; Win64; x64) AppleWebKit/537.36 (KHTML, like Gecko) Chrome/93.0.4577.63 Safari/537.36"
::1 - - [14/Sep/2021:18:13:19 +0000] "POST /users/create-session HTTP/1.1" 302 46 "http://localhost:8000/users/sign-in" "Mozilla/5.0 (Windows NT 10.0; Win64; x64) AppleWebKit/537.36 (KHTML, like Gecko) Chrome/93.0.4577.63 Safari/537.36"
::1 - - [14/Sep/2021:18:13:19 +0000] "GET / HTTP/1.1" 200 4561 "http://localhost:8000/users/sign-in" "Mozilla/5.0 (Windows NT 10.0; Win64; x64) AppleWebKit/537.36 (KHTML, like Gecko) Chrome/93.0.4577.63 Safari/537.36"
::1 - - [14/Sep/2021:18:13:19 +0000] "GET /css/layout-43e5d0f990.css HTTP/1.1" 404 164 "http://localhost:8000/" "Mozilla/5.0 (Windows NT 10.0; Win64; x64) AppleWebKit/537.36 (KHTML, like Gecko) Chrome/93.0.4577.63 Safari/537.36"
::1 - - [14/Sep/2021:18:13:19 +0000] "GET /css/header-5624c7deef.css HTTP/1.1" 404 164 "http://localhost:8000/" "Mozilla/5.0 (Windows NT 10.0; Win64; x64) AppleWebKit/537.36 (KHTML, like Gecko) Chrome/93.0.4577.63 Safari/537.36"
::1 - - [14/Sep/2021:18:13:19 +0000] "GET /css/footer-80b8801692.css HTTP/1.1" 404 164 "http://localhost:8000/" "Mozilla/5.0 (Windows NT 10.0; Win64; x64) AppleWebKit/537.36 (KHTML, like Gecko) Chrome/93.0.4577.63 Safari/537.36"
::1 - - [14/Sep/2021:18:13:19 +0000] "GET /css/chat_box-3aa9f1fb21.css HTTP/1.1" 404 166 "http://localhost:8000/" "Mozilla/5.0 (Windows NT 10.0; Win64; x64) AppleWebKit/537.36 (KHTML, like Gecko) Chrome/93.0.4577.63 Safari/537.36"
::1 - - [14/Sep/2021:18:13:19 +0000] "GET /css/home-bacaa64d3a.css HTTP/1.1" 404 162 "http://localhost:8000/" "Mozilla/5.0 (Windows NT 10.0; Win64; x64) AppleWebKit/537.36 (KHTML, like Gecko) Chrome/93.0.4577.63 Safari/537.36"
::1 - - [14/Sep/2021:18:13:19 +0000] "GET /js/home_post_comments-17d4d4c772.js HTTP/1.1" 404 174 "http://localhost:8000/" "Mozilla/5.0 (Windows NT 10.0; Win64; x64) AppleWebKit/537.36 (KHTML, like Gecko) Chrome/93.0.4577.63 Safari/537.36"
::1 - - [14/Sep/2021:18:13:19 +0000] "GET /js/home_posts-1a633d8412.js HTTP/1.1" 404 166 "http://localhost:8000/" "Mozilla/5.0 (Windows NT 10.0; Win64; x64) AppleWebKit/537.36 (KHTML, like Gecko) Chrome/93.0.4577.63 Safari/537.36"
::1 - - [14/Sep/2021:18:13:19 +0000] "GET /js/chat_engine-e91b21ca06.js HTTP/1.1" 404 167 "http://localhost:8000/" "Mozilla/5.0 (Windows NT 10.0; Win64; x64) AppleWebKit/537.36 (KHTML, like Gecko) Chrome/93.0.4577.63 Safari/537.36"
::1 - - [14/Sep/2021:18:14:02 +0000] "GET / HTTP/1.1" 200 4261 "http://localhost:8000/users/sign-in" "Mozilla/5.0 (Windows NT 10.0; Win64; x64) AppleWebKit/537.36 (KHTML, like Gecko) Chrome/93.0.4577.63 Safari/537.36"
::1 - - [14/Sep/2021:18:14:02 +0000] "GET /css/layout-43e5d0f990.css HTTP/1.1" 404 164 "http://localhost:8000/" "Mozilla/5.0 (Windows NT 10.0; Win64; x64) AppleWebKit/537.36 (KHTML, like Gecko) Chrome/93.0.4577.63 Safari/537.36"
::1 - - [14/Sep/2021:18:14:02 +0000] "GET /css/header-5624c7deef.css HTTP/1.1" 404 164 "http://localhost:8000/" "Mozilla/5.0 (Windows NT 10.0; Win64; x64) AppleWebKit/537.36 (KHTML, like Gecko) Chrome/93.0.4577.63 Safari/537.36"
::1 - - [14/Sep/2021:18:14:02 +0000] "GET /css/footer-80b8801692.css HTTP/1.1" 404 164 "http://localhost:8000/" "Mozilla/5.0 (Windows NT 10.0; Win64; x64) AppleWebKit/537.36 (KHTML, like Gecko) Chrome/93.0.4577.63 Safari/537.36"
::1 - - [14/Sep/2021:18:14:02 +0000] "GET /css/home-bacaa64d3a.css HTTP/1.1" 404 162 "http://localhost:8000/" "Mozilla/5.0 (Windows NT 10.0; Win64; x64) AppleWebKit/537.36 (KHTML, like Gecko) Chrome/93.0.4577.63 Safari/537.36"
::1 - - [14/Sep/2021:18:14:02 +0000] "GET /css/chat_box-3aa9f1fb21.css HTTP/1.1" 404 166 "http://localhost:8000/" "Mozilla/5.0 (Windows NT 10.0; Win64; x64) AppleWebKit/537.36 (KHTML, like Gecko) Chrome/93.0.4577.63 Safari/537.36"
::1 - - [14/Sep/2021:18:14:02 +0000] "GET /js/home_post_comments-17d4d4c772.js HTTP/1.1" 404 174 "http://localhost:8000/" "Mozilla/5.0 (Windows NT 10.0; Win64; x64) AppleWebKit/537.36 (KHTML, like Gecko) Chrome/93.0.4577.63 Safari/537.36"
::1 - - [14/Sep/2021:18:14:02 +0000] "GET /js/home_posts-1a633d8412.js HTTP/1.1" 404 166 "http://localhost:8000/" "Mozilla/5.0 (Windows NT 10.0; Win64; x64) AppleWebKit/537.36 (KHTML, like Gecko) Chrome/93.0.4577.63 Safari/537.36"
::1 - - [14/Sep/2021:18:14:02 +0000] "GET /js/chat_engine-e91b21ca06.js HTTP/1.1" 404 167 "http://localhost:8000/" "Mozilla/5.0 (Windows NT 10.0; Win64; x64) AppleWebKit/537.36 (KHTML, like Gecko) Chrome/93.0.4577.63 Safari/537.36"
::1 - - [14/Sep/2021:18:14:03 +0000] "GET /users/sign-out HTTP/1.1" 302 46 "http://localhost:8000/" "Mozilla/5.0 (Windows NT 10.0; Win64; x64) AppleWebKit/537.36 (KHTML, like Gecko) Chrome/93.0.4577.63 Safari/537.36"
::1 - - [14/Sep/2021:18:14:03 +0000] "GET / HTTP/1.1" 200 3801 "http://localhost:8000/" "Mozilla/5.0 (Windows NT 10.0; Win64; x64) AppleWebKit/537.36 (KHTML, like Gecko) Chrome/93.0.4577.63 Safari/537.36"
::1 - - [14/Sep/2021:18:14:03 +0000] "GET /css/layout-43e5d0f990.css HTTP/1.1" 404 164 "http://localhost:8000/" "Mozilla/5.0 (Windows NT 10.0; Win64; x64) AppleWebKit/537.36 (KHTML, like Gecko) Chrome/93.0.4577.63 Safari/537.36"
::1 - - [14/Sep/2021:18:14:03 +0000] "GET /css/header-5624c7deef.css HTTP/1.1" 404 164 "http://localhost:8000/" "Mozilla/5.0 (Windows NT 10.0; Win64; x64) AppleWebKit/537.36 (KHTML, like Gecko) Chrome/93.0.4577.63 Safari/537.36"
::1 - - [14/Sep/2021:18:14:03 +0000] "GET /css/footer-80b8801692.css HTTP/1.1" 404 164 "http://localhost:8000/" "Mozilla/5.0 (Windows NT 10.0; Win64; x64) AppleWebKit/537.36 (KHTML, like Gecko) Chrome/93.0.4577.63 Safari/537.36"
::1 - - [14/Sep/2021:18:14:03 +0000] "GET /css/home-bacaa64d3a.css HTTP/1.1" 404 162 "http://localhost:8000/" "Mozilla/5.0 (Windows NT 10.0; Win64; x64) AppleWebKit/537.36 (KHTML, like Gecko) Chrome/93.0.4577.63 Safari/537.36"
::1 - - [14/Sep/2021:18:14:03 +0000] "GET /css/chat_box-3aa9f1fb21.css HTTP/1.1" 404 166 "http://localhost:8000/" "Mozilla/5.0 (Windows NT 10.0; Win64; x64) AppleWebKit/537.36 (KHTML, like Gecko) Chrome/93.0.4577.63 Safari/537.36"
::1 - - [14/Sep/2021:18:14:03 +0000] "GET /js/home_post_comments-17d4d4c772.js HTTP/1.1" 404 174 "http://localhost:8000/" "Mozilla/5.0 (Windows NT 10.0; Win64; x64) AppleWebKit/537.36 (KHTML, like Gecko) Chrome/93.0.4577.63 Safari/537.36"
::1 - - [14/Sep/2021:18:14:03 +0000] "GET /js/home_posts-1a633d8412.js HTTP/1.1" 404 166 "http://localhost:8000/" "Mozilla/5.0 (Windows NT 10.0; Win64; x64) AppleWebKit/537.36 (KHTML, like Gecko) Chrome/93.0.4577.63 Safari/537.36"
::1 - - [14/Sep/2021:18:14:03 +0000] "GET /js/chat_engine-e91b21ca06.js HTTP/1.1" 404 167 "http://localhost:8000/" "Mozilla/5.0 (Windows NT 10.0; Win64; x64) AppleWebKit/537.36 (KHTML, like Gecko) Chrome/93.0.4577.63 Safari/537.36"
::1 - - [14/Sep/2021:18:14:04 +0000] "GET / HTTP/1.1" 200 3503 "http://localhost:8000/" "Mozilla/5.0 (Windows NT 10.0; Win64; x64) AppleWebKit/537.36 (KHTML, like Gecko) Chrome/93.0.4577.63 Safari/537.36"
::1 - - [14/Sep/2021:18:14:04 +0000] "GET /css/layout-43e5d0f990.css HTTP/1.1" 404 164 "http://localhost:8000/" "Mozilla/5.0 (Windows NT 10.0; Win64; x64) AppleWebKit/537.36 (KHTML, like Gecko) Chrome/93.0.4577.63 Safari/537.36"
::1 - - [14/Sep/2021:18:14:04 +0000] "GET /css/header-5624c7deef.css HTTP/1.1" 404 164 "http://localhost:8000/" "Mozilla/5.0 (Windows NT 10.0; Win64; x64) AppleWebKit/537.36 (KHTML, like Gecko) Chrome/93.0.4577.63 Safari/537.36"
::1 - - [14/Sep/2021:18:14:04 +0000] "GET /css/footer-80b8801692.css HTTP/1.1" 404 164 "http://localhost:8000/" "Mozilla/5.0 (Windows NT 10.0; Win64; x64) AppleWebKit/537.36 (KHTML, like Gecko) Chrome/93.0.4577.63 Safari/537.36"
::1 - - [14/Sep/2021:18:14:04 +0000] "GET /css/home-bacaa64d3a.css HTTP/1.1" 404 162 "http://localhost:8000/" "Mozilla/5.0 (Windows NT 10.0; Win64; x64) AppleWebKit/537.36 (KHTML, like Gecko) Chrome/93.0.4577.63 Safari/537.36"
::1 - - [14/Sep/2021:18:14:04 +0000] "GET /css/chat_box-3aa9f1fb21.css HTTP/1.1" 404 166 "http://localhost:8000/" "Mozilla/5.0 (Windows NT 10.0; Win64; x64) AppleWebKit/537.36 (KHTML, like Gecko) Chrome/93.0.4577.63 Safari/537.36"
::1 - - [14/Sep/2021:18:14:04 +0000] "GET /js/home_post_comments-17d4d4c772.js HTTP/1.1" 404 174 "http://localhost:8000/" "Mozilla/5.0 (Windows NT 10.0; Win64; x64) AppleWebKit/537.36 (KHTML, like Gecko) Chrome/93.0.4577.63 Safari/537.36"
::1 - - [14/Sep/2021:18:14:04 +0000] "GET /js/home_posts-1a633d8412.js HTTP/1.1" 404 166 "http://localhost:8000/" "Mozilla/5.0 (Windows NT 10.0; Win64; x64) AppleWebKit/537.36 (KHTML, like Gecko) Chrome/93.0.4577.63 Safari/537.36"
::1 - - [14/Sep/2021:18:14:04 +0000] "GET /js/chat_engine-e91b21ca06.js HTTP/1.1" 404 167 "http://localhost:8000/" "Mozilla/5.0 (Windows NT 10.0; Win64; x64) AppleWebKit/537.36 (KHTML, like Gecko) Chrome/93.0.4577.63 Safari/537.36"
::1 - - [14/Sep/2021:18:14:05 +0000] "GET / HTTP/1.1" 304 - "http://localhost:8000/" "Mozilla/5.0 (Windows NT 10.0; Win64; x64) AppleWebKit/537.36 (KHTML, like Gecko) Chrome/93.0.4577.63 Safari/537.36"
::1 - - [14/Sep/2021:18:14:05 +0000] "GET /css/layout-43e5d0f990.css HTTP/1.1" 404 164 "http://localhost:8000/" "Mozilla/5.0 (Windows NT 10.0; Win64; x64) AppleWebKit/537.36 (KHTML, like Gecko) Chrome/93.0.4577.63 Safari/537.36"
::1 - - [14/Sep/2021:18:14:05 +0000] "GET /css/header-5624c7deef.css HTTP/1.1" 404 164 "http://localhost:8000/" "Mozilla/5.0 (Windows NT 10.0; Win64; x64) AppleWebKit/537.36 (KHTML, like Gecko) Chrome/93.0.4577.63 Safari/537.36"
::1 - - [14/Sep/2021:18:14:05 +0000] "GET /css/footer-80b8801692.css HTTP/1.1" 404 164 "http://localhost:8000/" "Mozilla/5.0 (Windows NT 10.0; Win64; x64) AppleWebKit/537.36 (KHTML, like Gecko) Chrome/93.0.4577.63 Safari/537.36"
::1 - - [14/Sep/2021:18:14:05 +0000] "GET /css/home-bacaa64d3a.css HTTP/1.1" 404 162 "http://localhost:8000/" "Mozilla/5.0 (Windows NT 10.0; Win64; x64) AppleWebKit/537.36 (KHTML, like Gecko) Chrome/93.0.4577.63 Safari/537.36"
::1 - - [14/Sep/2021:18:14:05 +0000] "GET /css/chat_box-3aa9f1fb21.css HTTP/1.1" 404 166 "http://localhost:8000/" "Mozilla/5.0 (Windows NT 10.0; Win64; x64) AppleWebKit/537.36 (KHTML, like Gecko) Chrome/93.0.4577.63 Safari/537.36"
::1 - - [14/Sep/2021:18:14:05 +0000] "GET /js/home_post_comments-17d4d4c772.js HTTP/1.1" 404 174 "http://localhost:8000/" "Mozilla/5.0 (Windows NT 10.0; Win64; x64) AppleWebKit/537.36 (KHTML, like Gecko) Chrome/93.0.4577.63 Safari/537.36"
::1 - - [14/Sep/2021:18:14:05 +0000] "GET /js/home_posts-1a633d8412.js HTTP/1.1" 404 166 "http://localhost:8000/" "Mozilla/5.0 (Windows NT 10.0; Win64; x64) AppleWebKit/537.36 (KHTML, like Gecko) Chrome/93.0.4577.63 Safari/537.36"
::1 - - [14/Sep/2021:18:14:05 +0000] "GET /js/chat_engine-e91b21ca06.js HTTP/1.1" 404 167 "http://localhost:8000/" "Mozilla/5.0 (Windows NT 10.0; Win64; x64) AppleWebKit/537.36 (KHTML, like Gecko) Chrome/93.0.4577.63 Safari/537.36"
::1 - - [14/Sep/2021:18:14:05 +0000] "GET / HTTP/1.1" 304 - "http://localhost:8000/" "Mozilla/5.0 (Windows NT 10.0; Win64; x64) AppleWebKit/537.36 (KHTML, like Gecko) Chrome/93.0.4577.63 Safari/537.36"
::1 - - [14/Sep/2021:18:14:05 +0000] "GET /css/layout-43e5d0f990.css HTTP/1.1" 404 164 "http://localhost:8000/" "Mozilla/5.0 (Windows NT 10.0; Win64; x64) AppleWebKit/537.36 (KHTML, like Gecko) Chrome/93.0.4577.63 Safari/537.36"
::1 - - [14/Sep/2021:18:14:05 +0000] "GET /css/header-5624c7deef.css HTTP/1.1" 404 164 "http://localhost:8000/" "Mozilla/5.0 (Windows NT 10.0; Win64; x64) AppleWebKit/537.36 (KHTML, like Gecko) Chrome/93.0.4577.63 Safari/537.36"
::1 - - [14/Sep/2021:18:14:05 +0000] "GET /css/footer-80b8801692.css HTTP/1.1" 404 164 "http://localhost:8000/" "Mozilla/5.0 (Windows NT 10.0; Win64; x64) AppleWebKit/537.36 (KHTML, like Gecko) Chrome/93.0.4577.63 Safari/537.36"
::1 - - [14/Sep/2021:18:14:05 +0000] "GET /css/home-bacaa64d3a.css HTTP/1.1" 404 162 "http://localhost:8000/" "Mozilla/5.0 (Windows NT 10.0; Win64; x64) AppleWebKit/537.36 (KHTML, like Gecko) Chrome/93.0.4577.63 Safari/537.36"
::1 - - [14/Sep/2021:18:14:05 +0000] "GET /css/chat_box-3aa9f1fb21.css HTTP/1.1" 404 166 "http://localhost:8000/" "Mozilla/5.0 (Windows NT 10.0; Win64; x64) AppleWebKit/537.36 (KHTML, like Gecko) Chrome/93.0.4577.63 Safari/537.36"
::1 - - [14/Sep/2021:18:14:05 +0000] "GET /js/home_post_comments-17d4d4c772.js HTTP/1.1" 404 174 "http://localhost:8000/" "Mozilla/5.0 (Windows NT 10.0; Win64; x64) AppleWebKit/537.36 (KHTML, like Gecko) Chrome/93.0.4577.63 Safari/537.36"
::1 - - [14/Sep/2021:18:14:05 +0000] "GET /js/home_posts-1a633d8412.js HTTP/1.1" 404 166 "http://localhost:8000/" "Mozilla/5.0 (Windows NT 10.0; Win64; x64) AppleWebKit/537.36 (KHTML, like Gecko) Chrome/93.0.4577.63 Safari/537.36"
::1 - - [14/Sep/2021:18:14:05 +0000] "GET /js/chat_engine-e91b21ca06.js HTTP/1.1" 404 167 "http://localhost:8000/" "Mozilla/5.0 (Windows NT 10.0; Win64; x64) AppleWebKit/537.36 (KHTML, like Gecko) Chrome/93.0.4577.63 Safari/537.36"
::1 - - [14/Sep/2021:18:14:05 +0000] "GET /js/chat_engine-e91b21ca06.js HTTP/1.1" 404 167 "http://localhost:8000/" "Mozilla/5.0 (Windows NT 10.0; Win64; x64) AppleWebKit/537.36 (KHTML, like Gecko) Chrome/93.0.4577.63 Safari/537.36"
[0mGET / [32m200[0m 510.714 ms - 8586[0m
[0mGET /users/sign-in [32m200[0m 10.219 ms - 2192[0m
[0mGET /users/css/layout.css [33m404[0m 10.150 ms - 159[0m
[0mGET /users/css/header.css [33m404[0m 12.436 ms - 159[0m
[0mGET /users/css/footer.css [33m404[0m 11.553 ms - 159[0m
[0mPOST /users/create-session [36m302[0m 111.982 ms - 46[0m
[0mGET / [32m200[0m 29.023 ms - 11832[0m
::1 - - [14/Sep/2021:18:17:35 +0000] "GET / HTTP/1.1" 200 3503 "http://localhost:8000/users/sign-in" "Mozilla/5.0 (Windows NT 10.0; Win64; x64) AppleWebKit/537.36 (KHTML, like Gecko) Chrome/93.0.4577.63 Safari/537.36"
::1 - - [14/Sep/2021:18:17:35 +0000] "GET /css/layout-43e5d0f990.css HTTP/1.1" 404 164 "http://localhost:8000/" "Mozilla/5.0 (Windows NT 10.0; Win64; x64) AppleWebKit/537.36 (KHTML, like Gecko) Chrome/93.0.4577.63 Safari/537.36"
::1 - - [14/Sep/2021:18:17:35 +0000] "GET /css/header-5624c7deef.css HTTP/1.1" 404 164 "http://localhost:8000/" "Mozilla/5.0 (Windows NT 10.0; Win64; x64) AppleWebKit/537.36 (KHTML, like Gecko) Chrome/93.0.4577.63 Safari/537.36"
::1 - - [14/Sep/2021:18:17:35 +0000] "GET /css/footer-80b8801692.css HTTP/1.1" 404 164 "http://localhost:8000/" "Mozilla/5.0 (Windows NT 10.0; Win64; x64) AppleWebKit/537.36 (KHTML, like Gecko) Chrome/93.0.4577.63 Safari/537.36"
::1 - - [14/Sep/2021:18:17:35 +0000] "GET /css/chat_box-3aa9f1fb21.css HTTP/1.1" 404 166 "http://localhost:8000/" "Mozilla/5.0 (Windows NT 10.0; Win64; x64) AppleWebKit/537.36 (KHTML, like Gecko) Chrome/93.0.4577.63 Safari/537.36"
::1 - - [14/Sep/2021:18:17:35 +0000] "GET /css/home-bacaa64d3a.css HTTP/1.1" 404 162 "http://localhost:8000/" "Mozilla/5.0 (Windows NT 10.0; Win64; x64) AppleWebKit/537.36 (KHTML, like Gecko) Chrome/93.0.4577.63 Safari/537.36"
::1 - - [14/Sep/2021:18:17:35 +0000] "GET /js/home_post_comments-17d4d4c772.js HTTP/1.1" 404 174 "http://localhost:8000/" "Mozilla/5.0 (Windows NT 10.0; Win64; x64) AppleWebKit/537.36 (KHTML, like Gecko) Chrome/93.0.4577.63 Safari/537.36"
::1 - - [14/Sep/2021:18:17:35 +0000] "GET /js/home_posts-1a633d8412.js HTTP/1.1" 404 166 "http://localhost:8000/" "Mozilla/5.0 (Windows NT 10.0; Win64; x64) AppleWebKit/537.36 (KHTML, like Gecko) Chrome/93.0.4577.63 Safari/537.36"
::1 - - [14/Sep/2021:18:17:35 +0000] "GET /js/chat_engine-e91b21ca06.js HTTP/1.1" 404 167 "http://localhost:8000/" "Mozilla/5.0 (Windows NT 10.0; Win64; x64) AppleWebKit/537.36 (KHTML, like Gecko) Chrome/93.0.4577.63 Safari/537.36"
::1 - - [14/Sep/2021:18:17:41 +0000] "GET /users/profile/6140e632019e1045e0ad3180 HTTP/1.1" 302 72 "http://localhost:8000/" "Mozilla/5.0 (Windows NT 10.0; Win64; x64) AppleWebKit/537.36 (KHTML, like Gecko) Chrome/93.0.4577.63 Safari/537.36"
::1 - - [14/Sep/2021:18:17:41 +0000] "GET /users/sign-in HTTP/1.1" 200 2228 "http://localhost:8000/" "Mozilla/5.0 (Windows NT 10.0; Win64; x64) AppleWebKit/537.36 (KHTML, like Gecko) Chrome/93.0.4577.63 Safari/537.36"
::1 - - [14/Sep/2021:18:17:41 +0000] "GET /css/layout-43e5d0f990.css HTTP/1.1" 404 164 "http://localhost:8000/users/sign-in" "Mozilla/5.0 (Windows NT 10.0; Win64; x64) AppleWebKit/537.36 (KHTML, like Gecko) Chrome/93.0.4577.63 Safari/537.36"
::1 - - [14/Sep/2021:18:17:41 +0000] "GET /css/header-5624c7deef.css HTTP/1.1" 404 164 "http://localhost:8000/users/sign-in" "Mozilla/5.0 (Windows NT 10.0; Win64; x64) AppleWebKit/537.36 (KHTML, like Gecko) Chrome/93.0.4577.63 Safari/537.36"
::1 - - [14/Sep/2021:18:17:41 +0000] "GET /css/footer-80b8801692.css HTTP/1.1" 404 164 "http://localhost:8000/users/sign-in" "Mozilla/5.0 (Windows NT 10.0; Win64; x64) AppleWebKit/537.36 (KHTML, like Gecko) Chrome/93.0.4577.63 Safari/537.36"
::1 - - [14/Sep/2021:18:17:49 +0000] "POST /users/create-session HTTP/1.1" 302 46 "http://localhost:8000/users/sign-in" "Mozilla/5.0 (Windows NT 10.0; Win64; x64) AppleWebKit/537.36 (KHTML, like Gecko) Chrome/93.0.4577.63 Safari/537.36"
::1 - - [14/Sep/2021:18:17:49 +0000] "GET / HTTP/1.1" 200 4561 "http://localhost:8000/users/sign-in" "Mozilla/5.0 (Windows NT 10.0; Win64; x64) AppleWebKit/537.36 (KHTML, like Gecko) Chrome/93.0.4577.63 Safari/537.36"
::1 - - [14/Sep/2021:18:17:49 +0000] "GET /css/layout-43e5d0f990.css HTTP/1.1" 404 164 "http://localhost:8000/" "Mozilla/5.0 (Windows NT 10.0; Win64; x64) AppleWebKit/537.36 (KHTML, like Gecko) Chrome/93.0.4577.63 Safari/537.36"
::1 - - [14/Sep/2021:18:17:49 +0000] "GET /css/header-5624c7deef.css HTTP/1.1" 404 164 "http://localhost:8000/" "Mozilla/5.0 (Windows NT 10.0; Win64; x64) AppleWebKit/537.36 (KHTML, like Gecko) Chrome/93.0.4577.63 Safari/537.36"
::1 - - [14/Sep/2021:18:17:49 +0000] "GET /css/footer-80b8801692.css HTTP/1.1" 404 164 "http://localhost:8000/" "Mozilla/5.0 (Windows NT 10.0; Win64; x64) AppleWebKit/537.36 (KHTML, like Gecko) Chrome/93.0.4577.63 Safari/537.36"
::1 - - [14/Sep/2021:18:17:49 +0000] "GET /js/home_post_comments-17d4d4c772.js HTTP/1.1" 404 174 "http://localhost:8000/" "Mozilla/5.0 (Windows NT 10.0; Win64; x64) AppleWebKit/537.36 (KHTML, like Gecko) Chrome/93.0.4577.63 Safari/537.36"
::1 - - [14/Sep/2021:18:17:49 +0000] "GET /css/chat_box-3aa9f1fb21.css HTTP/1.1" 404 166 "http://localhost:8000/" "Mozilla/5.0 (Windows NT 10.0; Win64; x64) AppleWebKit/537.36 (KHTML, like Gecko) Chrome/93.0.4577.63 Safari/537.36"
::1 - - [14/Sep/2021:18:17:49 +0000] "GET /css/home-bacaa64d3a.css HTTP/1.1" 404 162 "http://localhost:8000/" "Mozilla/5.0 (Windows NT 10.0; Win64; x64) AppleWebKit/537.36 (KHTML, like Gecko) Chrome/93.0.4577.63 Safari/537.36"
::1 - - [14/Sep/2021:18:17:49 +0000] "GET /js/home_posts-1a633d8412.js HTTP/1.1" 404 166 "http://localhost:8000/" "Mozilla/5.0 (Windows NT 10.0; Win64; x64) AppleWebKit/537.36 (KHTML, like Gecko) Chrome/93.0.4577.63 Safari/537.36"
::1 - - [14/Sep/2021:18:17:49 +0000] "GET /js/chat_engine-e91b21ca06.js HTTP/1.1" 404 167 "http://localhost:8000/" "Mozilla/5.0 (Windows NT 10.0; Win64; x64) AppleWebKit/537.36 (KHTML, like Gecko) Chrome/93.0.4577.63 Safari/537.36"
::1 - - [14/Sep/2021:18:17:54 +0000] "GET /users/profile/6140e632019e1045e0ad3180 HTTP/1.1" 200 2461 "http://localhost:8000/" "Mozilla/5.0 (Windows NT 10.0; Win64; x64) AppleWebKit/537.36 (KHTML, like Gecko) Chrome/93.0.4577.63 Safari/537.36"
::1 - - [14/Sep/2021:18:17:54 +0000] "GET /css/layout-43e5d0f990.css HTTP/1.1" 404 164 "http://localhost:8000/users/profile/6140e632019e1045e0ad3180" "Mozilla/5.0 (Windows NT 10.0; Win64; x64) AppleWebKit/537.36 (KHTML, like Gecko) Chrome/93.0.4577.63 Safari/537.36"
::1 - - [14/Sep/2021:18:17:54 +0000] "GET /css/header-5624c7deef.css HTTP/1.1" 404 164 "http://localhost:8000/users/profile/6140e632019e1045e0ad3180" "Mozilla/5.0 (Windows NT 10.0; Win64; x64) AppleWebKit/537.36 (KHTML, like Gecko) Chrome/93.0.4577.63 Safari/537.36"
::1 - - [14/Sep/2021:18:17:54 +0000] "GET /css/footer-80b8801692.css HTTP/1.1" 404 164 "http://localhost:8000/users/profile/6140e632019e1045e0ad3180" "Mozilla/5.0 (Windows NT 10.0; Win64; x64) AppleWebKit/537.36 (KHTML, like Gecko) Chrome/93.0.4577.63 Safari/537.36"
::1 - - [14/Sep/2021:18:17:54 +0000] "GET /css/user_profile-bf94b0b59a.css HTTP/1.1" 404 170 "http://localhost:8000/users/profile/6140e632019e1045e0ad3180" "Mozilla/5.0 (Windows NT 10.0; Win64; x64) AppleWebKit/537.36 (KHTML, like Gecko) Chrome/93.0.4577.63 Safari/537.36"
::1 - - [14/Sep/2021:18:18:04 +0000] "GET / HTTP/1.1" 200 4261 "http://localhost:8000/users/profile/6140e632019e1045e0ad3180" "Mozilla/5.0 (Windows NT 10.0; Win64; x64) AppleWebKit/537.36 (KHTML, like Gecko) Chrome/93.0.4577.63 Safari/537.36"
::1 - - [14/Sep/2021:18:18:04 +0000] "GET /css/layout-43e5d0f990.css HTTP/1.1" 404 164 "http://localhost:8000/" "Mozilla/5.0 (Windows NT 10.0; Win64; x64) AppleWebKit/537.36 (KHTML, like Gecko) Chrome/93.0.4577.63 Safari/537.36"
::1 - - [14/Sep/2021:18:18:04 +0000] "GET /css/header-5624c7deef.css HTTP/1.1" 404 164 "http://localhost:8000/" "Mozilla/5.0 (Windows NT 10.0; Win64; x64) AppleWebKit/537.36 (KHTML, like Gecko) Chrome/93.0.4577.63 Safari/537.36"
::1 - - [14/Sep/2021:18:18:04 +0000] "GET /css/footer-80b8801692.css HTTP/1.1" 404 164 "http://localhost:8000/" "Mozilla/5.0 (Windows NT 10.0; Win64; x64) AppleWebKit/537.36 (KHTML, like Gecko) Chrome/93.0.4577.63 Safari/537.36"
::1 - - [14/Sep/2021:18:18:04 +0000] "GET /css/home-bacaa64d3a.css HTTP/1.1" 404 162 "http://localhost:8000/" "Mozilla/5.0 (Windows NT 10.0; Win64; x64) AppleWebKit/537.36 (KHTML, like Gecko) Chrome/93.0.4577.63 Safari/537.36"
::1 - - [14/Sep/2021:18:18:04 +0000] "GET /css/chat_box-3aa9f1fb21.css HTTP/1.1" 404 166 "http://localhost:8000/" "Mozilla/5.0 (Windows NT 10.0; Win64; x64) AppleWebKit/537.36 (KHTML, like Gecko) Chrome/93.0.4577.63 Safari/537.36"
::1 - - [14/Sep/2021:18:18:04 +0000] "GET /js/home_post_comments-17d4d4c772.js HTTP/1.1" 404 174 "http://localhost:8000/" "Mozilla/5.0 (Windows NT 10.0; Win64; x64) AppleWebKit/537.36 (KHTML, like Gecko) Chrome/93.0.4577.63 Safari/537.36"
::1 - - [14/Sep/2021:18:18:04 +0000] "GET /js/home_posts-1a633d8412.js HTTP/1.1" 404 166 "http://localhost:8000/" "Mozilla/5.0 (Windows NT 10.0; Win64; x64) AppleWebKit/537.36 (KHTML, like Gecko) Chrome/93.0.4577.63 Safari/537.36"
::1 - - [14/Sep/2021:18:18:04 +0000] "GET /js/chat_engine-e91b21ca06.js HTTP/1.1" 404 167 "http://localhost:8000/" "Mozilla/5.0 (Windows NT 10.0; Win64; x64) AppleWebKit/537.36 (KHTML, like Gecko) Chrome/93.0.4577.63 Safari/537.36"
::1 - - [14/Sep/2021:18:18:08 +0000] "POST /posts/create HTTP/1.1" 302 88 "http://localhost:8000/" "Mozilla/5.0 (Windows NT 10.0; Win64; x64) AppleWebKit/537.36 (KHTML, like Gecko) Chrome/93.0.4577.63 Safari/537.36"
::1 - - [14/Sep/2021:18:18:08 +0000] "GET / HTTP/1.1" 200 6003 "http://localhost:8000/" "Mozilla/5.0 (Windows NT 10.0; Win64; x64) AppleWebKit/537.36 (KHTML, like Gecko) Chrome/93.0.4577.63 Safari/537.36"
::1 - - [14/Sep/2021:18:18:08 +0000] "GET /css/layout-43e5d0f990.css HTTP/1.1" 404 164 "http://localhost:8000/" "Mozilla/5.0 (Windows NT 10.0; Win64; x64) AppleWebKit/537.36 (KHTML, like Gecko) Chrome/93.0.4577.63 Safari/537.36"
::1 - - [14/Sep/2021:18:18:08 +0000] "GET /css/header-5624c7deef.css HTTP/1.1" 404 164 "http://localhost:8000/" "Mozilla/5.0 (Windows NT 10.0; Win64; x64) AppleWebKit/537.36 (KHTML, like Gecko) Chrome/93.0.4577.63 Safari/537.36"
::1 - - [14/Sep/2021:18:18:08 +0000] "GET /css/footer-80b8801692.css HTTP/1.1" 404 164 "http://localhost:8000/" "Mozilla/5.0 (Windows NT 10.0; Win64; x64) AppleWebKit/537.36 (KHTML, like Gecko) Chrome/93.0.4577.63 Safari/537.36"
::1 - - [14/Sep/2021:18:18:08 +0000] "GET /css/home-bacaa64d3a.css HTTP/1.1" 404 162 "http://localhost:8000/" "Mozilla/5.0 (Windows NT 10.0; Win64; x64) AppleWebKit/537.36 (KHTML, like Gecko) Chrome/93.0.4577.63 Safari/537.36"
::1 - - [14/Sep/2021:18:18:08 +0000] "GET /css/chat_box-3aa9f1fb21.css HTTP/1.1" 404 166 "http://localhost:8000/" "Mozilla/5.0 (Windows NT 10.0; Win64; x64) AppleWebKit/537.36 (KHTML, like Gecko) Chrome/93.0.4577.63 Safari/537.36"
::1 - - [14/Sep/2021:18:18:08 +0000] "GET /js/home_post_comments-17d4d4c772.js HTTP/1.1" 404 174 "http://localhost:8000/" "Mozilla/5.0 (Windows NT 10.0; Win64; x64) AppleWebKit/537.36 (KHTML, like Gecko) Chrome/93.0.4577.63 Safari/537.36"
::1 - - [14/Sep/2021:18:18:08 +0000] "GET /js/home_posts-1a633d8412.js HTTP/1.1" 404 166 "http://localhost:8000/" "Mozilla/5.0 (Windows NT 10.0; Win64; x64) AppleWebKit/537.36 (KHTML, like Gecko) Chrome/93.0.4577.63 Safari/537.36"
::1 - - [14/Sep/2021:18:18:08 +0000] "GET /js/chat_engine-e91b21ca06.js HTTP/1.1" 404 167 "http://localhost:8000/" "Mozilla/5.0 (Windows NT 10.0; Win64; x64) AppleWebKit/537.36 (KHTML, like Gecko) Chrome/93.0.4577.63 Safari/537.36"
::1 - - [14/Sep/2021:18:18:11 +0000] "POST /likes/toggle/?id=6140e75fdfb84c3f7c62b66c&type=Post HTTP/1.1" 200 58 "http://localhost:8000/" "Mozilla/5.0 (Windows NT 10.0; Win64; x64) AppleWebKit/537.36 (KHTML, like Gecko) Chrome/93.0.4577.63 Safari/537.36"
::1 - - [14/Sep/2021:18:18:14 +0000] "GET /posts/destroy/6140e75fdfb84c3f7c62b66c HTTP/1.1" 302 88 "http://localhost:8000/" "Mozilla/5.0 (Windows NT 10.0; Win64; x64) AppleWebKit/537.36 (KHTML, like Gecko) Chrome/93.0.4577.63 Safari/537.36"
::1 - - [14/Sep/2021:18:18:14 +0000] "GET / HTTP/1.1" 200 4575 "http://localhost:8000/" "Mozilla/5.0 (Windows NT 10.0; Win64; x64) AppleWebKit/537.36 (KHTML, like Gecko) Chrome/93.0.4577.63 Safari/537.36"
::1 - - [14/Sep/2021:18:18:14 +0000] "GET /css/layout-43e5d0f990.css HTTP/1.1" 404 164 "http://localhost:8000/" "Mozilla/5.0 (Windows NT 10.0; Win64; x64) AppleWebKit/537.36 (KHTML, like Gecko) Chrome/93.0.4577.63 Safari/537.36"
::1 - - [14/Sep/2021:18:18:14 +0000] "GET /css/header-5624c7deef.css HTTP/1.1" 404 164 "http://localhost:8000/" "Mozilla/5.0 (Windows NT 10.0; Win64; x64) AppleWebKit/537.36 (KHTML, like Gecko) Chrome/93.0.4577.63 Safari/537.36"
::1 - - [14/Sep/2021:18:18:14 +0000] "GET /css/footer-80b8801692.css HTTP/1.1" 404 164 "http://localhost:8000/" "Mozilla/5.0 (Windows NT 10.0; Win64; x64) AppleWebKit/537.36 (KHTML, like Gecko) Chrome/93.0.4577.63 Safari/537.36"
::1 - - [14/Sep/2021:18:18:14 +0000] "GET /css/home-bacaa64d3a.css HTTP/1.1" 404 162 "http://localhost:8000/" "Mozilla/5.0 (Windows NT 10.0; Win64; x64) AppleWebKit/537.36 (KHTML, like Gecko) Chrome/93.0.4577.63 Safari/537.36"
::1 - - [14/Sep/2021:18:18:14 +0000] "GET /css/chat_box-3aa9f1fb21.css HTTP/1.1" 404 166 "http://localhost:8000/" "Mozilla/5.0 (Windows NT 10.0; Win64; x64) AppleWebKit/537.36 (KHTML, like Gecko) Chrome/93.0.4577.63 Safari/537.36"
::1 - - [14/Sep/2021:18:18:14 +0000] "GET /js/home_post_comments-17d4d4c772.js HTTP/1.1" 404 174 "http://localhost:8000/" "Mozilla/5.0 (Windows NT 10.0; Win64; x64) AppleWebKit/537.36 (KHTML, like Gecko) Chrome/93.0.4577.63 Safari/537.36"
::1 - - [14/Sep/2021:18:18:14 +0000] "GET /js/home_posts-1a633d8412.js HTTP/1.1" 404 166 "http://localhost:8000/" "Mozilla/5.0 (Windows NT 10.0; Win64; x64) AppleWebKit/537.36 (KHTML, like Gecko) Chrome/93.0.4577.63 Safari/537.36"
::1 - - [14/Sep/2021:18:18:14 +0000] "GET /js/chat_engine-e91b21ca06.js HTTP/1.1" 404 167 "http://localhost:8000/" "Mozilla/5.0 (Windows NT 10.0; Win64; x64) AppleWebKit/537.36 (KHTML, like Gecko) Chrome/93.0.4577.63 Safari/537.36"
